<?xml version="1.0" encoding="UTF-8"?>
<testsuite xmlns:xsi="http://www.w3.org/2001/XMLSchema-instance" xsi:noNamespaceSchemaLocation="https://maven.apache.org/surefire/maven-surefire-plugin/xsd/surefire-test-report.xsd" name="order.OrderTest" time="7.485" tests="5" errors="0" skipped="0" failures="0">
  <properties>
[...]
</properties>
  <testcase name="checkCreateOrderWithIngredients" classname="order.OrderTest" time="2.711"/>
  <testcase name="checkCreateOrderNoIngredients" classname="order.OrderTest" time="0.72"/>
  <testcase name="checkCreateOrderNoLoginUser" classname="order.OrderTest" time="0.67"/>
  <testcase name="checkCreateOrderInLoginUser" classname="order.OrderTest" time="2.727"/>
  <testcase name="checkCreateOrderHashIngr" classname="order.OrderTest" time="0.647"/>
</testsuite>